mode: atomic
github.com/kakikubo/starting-go/zoo/app.go:3.23,5.2 1 2
github.com/kakikubo/starting-go/zoo/f.go:7.14,9.2 1 1
github.com/kakikubo/starting-go/zoo/is_one.go:4.24,5.12 1 2
github.com/kakikubo/starting-go/zoo/is_one.go:5.12,7.3 1 1
github.com/kakikubo/starting-go/zoo/is_one.go:7.8,9.3 1 1
github.com/kakikubo/starting-go/zoo/main.go:14.13,40.27 20 0
github.com/kakikubo/starting-go/zoo/main.go:40.27,40.43 1 0
github.com/kakikubo/starting-go/zoo/main.go:41.2,56.22 10 0
github.com/kakikubo/starting-go/zoo/main.go:56.22,58.3 1 0
github.com/kakikubo/starting-go/zoo/main.go:61.2,235.12 64 0
github.com/kakikubo/starting-go/zoo/main.go:238.16,240.2 1 1
github.com/kakikubo/starting-go/zoo/main.go:242.41,243.29 1 1
github.com/kakikubo/starting-go/zoo/main.go:243.29,246.3 1 1
github.com/kakikubo/starting-go/zoo/main.go:246.8,251.3 3 0
github.com/kakikubo/starting-go/zoo/main.go:254.25,274.2 15 0
github.com/kakikubo/starting-go/zoo/main.go:276.22,279.2 2 0
github.com/kakikubo/starting-go/zoo/main.go:281.19,297.2 8 0
github.com/kakikubo/starting-go/zoo/main.go:299.18,360.2 41 0
github.com/kakikubo/starting-go/zoo/main.go:362.22,376.2 8 0
github.com/kakikubo/starting-go/zoo/main.go:378.17,390.2 11 0
github.com/kakikubo/starting-go/zoo/main.go:392.25,394.2 1 0
github.com/kakikubo/starting-go/zoo/main.go:396.14,399.2 2 0
github.com/kakikubo/starting-go/zoo/main.go:401.31,405.2 3 0
github.com/kakikubo/starting-go/zoo/main.go:408.29,413.2 1 0
github.com/kakikubo/starting-go/zoo/main.go:415.33,422.2 2 0
github.com/kakikubo/starting-go/zoo/main.go:424.31,426.2 1 0
github.com/kakikubo/starting-go/zoo/main.go:440.42,443.2 1 0
github.com/kakikubo/starting-go/zoo/main.go:445.22,447.25 2 0
github.com/kakikubo/starting-go/zoo/main.go:447.25,447.41 1 0
github.com/kakikubo/starting-go/zoo/main.go:448.2,451.55 2 0
github.com/kakikubo/starting-go/zoo/main.go:451.55,451.71 1 0
github.com/kakikubo/starting-go/zoo/main.go:454.26,455.16 1 0
github.com/kakikubo/starting-go/zoo/main.go:455.16,457.3 1 0
github.com/kakikubo/starting-go/zoo/main.go:460.29,462.2 1 0
github.com/kakikubo/starting-go/zoo/main.go:464.34,468.34 2 0
github.com/kakikubo/starting-go/zoo/main.go:468.34,472.3 3 0
github.com/kakikubo/starting-go/zoo/main.go:475.28,477.20 2 0
github.com/kakikubo/starting-go/zoo/main.go:477.20,480.3 2 0
github.com/kakikubo/starting-go/zoo/main.go:485.26,488.2 2 0
github.com/kakikubo/starting-go/zoo/main.go:490.29,492.2 1 0
github.com/kakikubo/starting-go/zoo/main.go:501.22,503.2 1 0
github.com/kakikubo/starting-go/zoo/main.go:506.22,508.2 1 0
github.com/kakikubo/starting-go/zoo/main.go:510.22,511.6 1 0
github.com/kakikubo/starting-go/zoo/main.go:511.6,513.8 2 0
github.com/kakikubo/starting-go/zoo/main.go:515.2,515.26 1 0
github.com/kakikubo/starting-go/zoo/main.go:515.26,517.3 1 0
github.com/kakikubo/starting-go/zoo/main.go:518.2,519.26 2 0
github.com/kakikubo/starting-go/zoo/main.go:519.26,521.3 1 0
github.com/kakikubo/starting-go/zoo/main.go:521.8,523.3 1 0
github.com/kakikubo/starting-go/zoo/main.go:525.2,526.14 2 0
github.com/kakikubo/starting-go/zoo/main.go:526.14,533.3 2 0
github.com/kakikubo/starting-go/zoo/main.go:534.2,536.27 2 0
github.com/kakikubo/starting-go/zoo/main.go:536.27,539.3 1 0
github.com/kakikubo/starting-go/zoo/main.go:541.2,541.32 1 0
github.com/kakikubo/starting-go/zoo/main.go:541.32,543.3 1 0
github.com/kakikubo/starting-go/zoo/main.go:547.19,550.19 2 0
github.com/kakikubo/starting-go/zoo/main.go:551.12,552.24 1 0
github.com/kakikubo/starting-go/zoo/main.go:553.12,555.14 2 0
github.com/kakikubo/starting-go/zoo/main.go:558.11,559.27 1 0
github.com/kakikubo/starting-go/zoo/main.go:560.14,561.22 1 0
github.com/kakikubo/starting-go/zoo/main.go:562.10,563.25 1 0
github.com/kakikubo/starting-go/zoo/main.go:565.2,568.9 3 0
github.com/kakikubo/starting-go/zoo/main.go:569.24,570.28 1 0
github.com/kakikubo/starting-go/zoo/main.go:571.24,572.28 1 0
github.com/kakikubo/starting-go/zoo/main.go:584.22,606.2 16 0
github.com/kakikubo/starting-go/zoo/main.go:608.23,611.14 2 0
github.com/kakikubo/starting-go/zoo/main.go:611.14,613.3 1 0
github.com/kakikubo/starting-go/zoo/main.go:613.8,613.39 1 0
github.com/kakikubo/starting-go/zoo/main.go:613.39,615.3 1 0
github.com/kakikubo/starting-go/zoo/main.go:615.8,615.48 1 0
github.com/kakikubo/starting-go/zoo/main.go:615.48,617.3 1 0
github.com/kakikubo/starting-go/zoo/main.go:617.8,619.3 1 0
github.com/kakikubo/starting-go/zoo/main.go:622.30,624.2 1 0
github.com/kakikubo/starting-go/zoo/main.go:626.19,629.18 2 0
github.com/kakikubo/starting-go/zoo/main.go:630.12,631.22 1 0
github.com/kakikubo/starting-go/zoo/main.go:632.17,633.45 1 0
github.com/kakikubo/starting-go/zoo/main.go:634.14,635.24 1 0
github.com/kakikubo/starting-go/zoo/main.go:636.10,637.28 1 0
github.com/kakikubo/starting-go/zoo/main.go:641.20,644.23 2 0
github.com/kakikubo/starting-go/zoo/main.go:645.12,646.26 1 0
github.com/kakikubo/starting-go/zoo/main.go:647.11,648.21 1 0
github.com/kakikubo/starting-go/zoo/main.go:649.14,650.17 1 0
github.com/kakikubo/starting-go/zoo/main.go:651.10,652.25 1 0
github.com/kakikubo/starting-go/zoo/main.go:656.19,658.8 2 0
github.com/kakikubo/starting-go/zoo/main.go:659.2,660.1 2 0
github.com/kakikubo/starting-go/zoo/main.go:661.2,661.18 1 0
github.com/kakikubo/starting-go/zoo/main.go:664.20,666.6 1 0
github.com/kakikubo/starting-go/zoo/main.go:666.6,667.7 1 0
github.com/kakikubo/starting-go/zoo/main.go:667.7,668.8 1 0
github.com/kakikubo/starting-go/zoo/main.go:668.8,670.15 2 0
github.com/kakikubo/starting-go/zoo/main.go:672.4,672.40 1 0
github.com/kakikubo/starting-go/zoo/main.go:674.3,674.39 1 0
github.com/kakikubo/starting-go/zoo/main.go:676.2,676.20 1 0
github.com/kakikubo/starting-go/zoo/main.go:679.21,681.26 1 0
github.com/kakikubo/starting-go/zoo/main.go:681.26,682.27 1 0
github.com/kakikubo/starting-go/zoo/main.go:682.27,683.13 1 0
github.com/kakikubo/starting-go/zoo/main.go:683.13,684.15 1 0
github.com/kakikubo/starting-go/zoo/main.go:686.4,686.43 1 0
github.com/kakikubo/starting-go/zoo/main.go:688.3,688.45 1 0
github.com/kakikubo/starting-go/zoo/main.go:692.17,697.15 4 0
github.com/kakikubo/starting-go/zoo/main.go:697.15,701.3 3 0
github.com/kakikubo/starting-go/zoo/main.go:702.2,702.21 1 0
github.com/kakikubo/starting-go/zoo/main.go:705.17,709.24 2 0
github.com/kakikubo/starting-go/zoo/main.go:710.2,710.30 1 0
github.com/kakikubo/starting-go/zoo/main.go:713.19,715.15 1 0
github.com/kakikubo/starting-go/zoo/main.go:715.15,716.31 1 0
github.com/kakikubo/starting-go/zoo/main.go:716.31,719.4 1 0
github.com/kakikubo/starting-go/zoo/main.go:721.2,721.24 1 0
github.com/kakikubo/starting-go/zoo/main.go:723.2,723.30 1 0
github.com/kakikubo/starting-go/zoo/main.go:726.35,727.15 1 0
github.com/kakikubo/starting-go/zoo/main.go:727.15,728.31 1 0
github.com/kakikubo/starting-go/zoo/main.go:728.31,730.25 1 0
github.com/kakikubo/starting-go/zoo/main.go:731.13,732.37 1 0
github.com/kakikubo/starting-go/zoo/main.go:733.16,734.40 1 0
github.com/kakikubo/starting-go/zoo/main.go:735.12,736.41 1 0
github.com/kakikubo/starting-go/zoo/main.go:740.2,740.12 1 0
github.com/kakikubo/starting-go/zoo/main.go:741.2,741.8 1 0
